
0s
Run python scripts/scrape_yallashoot_to_json.py
Traceback (most recent call last):
  File "/home/runner/work/chaine-en-live/chaine-en-live/scripts/scrape_yallashoot_to_json.py", line 5, in <module>
    from playwright.sync_api import sync_playwright, TimeoutError as PWTimeout
ModuleNotFoundError: No module named 'playwright'
Error: Process completed with exit code 1.
Run python scripts/scrape_yallashoot_to_json.py
Traceback (most recent call last):
  File "/home/runner/work/chaine-en-live/chaine-en-live/scripts/scrape_yallashoot_to_json.py", line 5, in <module>
    from playwright.sync_api import sync_playwright, TimeoutError as PWTimeout
ModuleNotFoundError: No module named 'playwright'
0s
Run python scripts/scrape_yallashoot_to_json.py
Traceback (most recent call last):
  File "/home/runner/work/chaine-en-live/chaine-en-live/scripts/scrape_yallashoot_to_json.py", line 5, in <module>
    from playwright.sync_api import sync_playwright, TimeoutError as PWTimeout
ModuleNotFoundError: No module named 'playwright'
Error: Process completed with exit code 1.
0s